<?xml version="1.0" encoding="UTF-8"?>
<testng-results ignored="0" total="0" passed="0" failed="0" skipped="0">
  <reporter-output>
  </reporter-output>
  <suite started-at="2023-02-04T21:39:15 MSK" name="Calculator2Test" finished-at="2023-02-04T21:39:15 MSK" duration-ms="24">
    <groups>
    </groups>
    <test started-at="2023-02-04T21:39:15 MSK" name="Command line test" finished-at="2023-02-04T21:39:15 MSK" duration-ms="24">
    </test> <!-- Command line test -->
  </suite> <!-- Calculator2Test -->
</testng-results>
